<?xml version="1.0" encoding="UTF-8"?>
<!-- Generated by org.testng.reporters.JUnitReportReporter -->
<testsuite skipped="0" hostname="LAP13651" name="com.petstore.tests.StoreTest" tests="4" failures="0" timestamp="24 Jul 2021 12:50:53 GMT" time="10.937" errors="0">
  <testcase name="TC_01_getInventoryStatus" time="5.093" classname="com.petstore.tests.StoreTest"/>
  <testcase name="TC_03_getOrderByID" time="1.388" classname="com.petstore.tests.StoreTest"/>
  <testcase name="TC_02_placeAnOrder" time="2.960" classname="com.petstore.tests.StoreTest"/>
  <testcase name="TC_04_deleteTheCreatedOrder" time="1.496" classname="com.petstore.tests.StoreTest"/>
</testsuite> <!-- com.petstore.tests.StoreTest -->
