<?xml version="1.0" encoding="UTF-8"?>
<!-- Generated by org.testng.reporters.JUnitReportReporter -->
<testsuite skipped="0" hostname="LAP13651" name="com.petstore.tests.UserTest" tests="6" failures="0" timestamp="24 Jul 2021 12:06:50 GMT" time="20.754" errors="0">
  <testcase name="TC_02_getUserByUserName" time="5.734" classname="com.petstore.tests.UserTest"/>
  <testcase name="TC_01_createUser" time="7.398" classname="com.petstore.tests.UserTest"/>
  <testcase name="TC_04_login" time="1.638" classname="com.petstore.tests.UserTest"/>
  <testcase name="TC_05_logout" time="1.879" classname="com.petstore.tests.UserTest"/>
  <testcase name="TC_03_editUser" time="2.043" classname="com.petstore.tests.UserTest"/>
  <testcase name="TC_06_deleteUser" time="2.062" classname="com.petstore.tests.UserTest"/>
</testsuite> <!-- com.petstore.tests.UserTest -->
